

Processing started at: 2024-12-14 23:48:56


Processing started at: 2024-12-14 23:48:37


Processing started at: 2024-12-14 23:48:19


Processing started at: 2024-12-14 23:48:00


Processing started at: 2024-12-14 23:47:41


Processing started at: 2024-12-14 23:47:23


Processing started at: 2024-12-14 23:47:05
Processing started at: 2024-12-14 23:47:05


Processing started at: 2024-12-14 23:36:21


Processing started at: 2024-12-14 23:36:02


Processing started at: 2024-12-14 23:35:43


Processing started at: 2024-12-14 23:35:25


Processing started at: 2024-12-14 23:35:05


Processing started at: 2024-12-14 23:34:46


Processing started at: 2024-12-14 23:34:28
Processing started at: 2024-12-14 23:34:28


Processing started at: 2024-12-14 23:23:10


Processing started at: 2024-12-14 23:22:51


Processing started at: 2024-12-14 23:22:33


Processing started at: 2024-12-14 23:22:15


Processing started at: 2024-12-14 23:21:56


Processing started at: 2024-12-14 23:21:37


Processing started at: 2024-12-14 23:18:16
Processing started at: 2024-12-14 23:18:16


Processing started at: 2024-12-14 23:13:05
Processing started at: 2024-12-14 23:13:05


Processing started at: 2024-12-14 23:01:39
Processing started at: 2024-12-14 23:01:39


Processing started at: 2024-12-14 03:00:03
Processing started at: 2024-12-14 03:00:03
2024-12-14 03:00:03,688 - INFO - 

Processing started at: 2024-12-14 03:00:03
2024-12-14 03:00:03,688 - INFO - Processing URL: https://bestbusinesses.space/sitemap.xml
2024-12-14 03:00:06,099 - INFO - Navigated to the website.
2024-12-14 03:00:06,099 - INFO - Waiting for the page to finish loading...
2024-12-14 03:00:06,118 - INFO - Page has finished loading.
2024-12-14 03:00:06,487 - INFO - Overlay disappeared.
2024-12-14 03:00:07,140 - INFO - Entered URL: https://bestbusinesses.space/sitemap.xml
2024-12-14 03:02:08,280 - ERROR - An error occurred while processing the URL https://bestbusinesses.space/sitemap.xml: HTTPConnectionPool(host='localhost', port=53445): Read timed out. (read timeout=120)
2024-12-14 03:04:08,378 - ERROR - An error occurred: HTTPConnectionPool(host='localhost', port=53445): Read timed out. (read timeout=120)
2024-12-14 03:04:08,378 - INFO - Closing the browser.
2024-12-14 03:06:08,481 - WARNING - Retrying (Retry(total=2, connect=None, read=None, redirect=None, status=None)) after connection broken by 'ReadTimeoutError("HTTPConnectionPool(host='localhost', port=53445): Read timed out. (read timeout=120)")': /session/efece21742d68a90b0ee78583dc711ff
2024-12-14 23:01:39,841 - INFO - 

Processing started at: 2024-12-14 23:01:39
2024-12-14 23:01:39,841 - INFO - Processing URL: https://bestbusinesses.space/sitemap.xml
2024-12-14 23:01:42,136 - INFO - Navigated to the website.
2024-12-14 23:01:42,136 - INFO - Waiting for the page to finish loading...
2024-12-14 23:01:42,151 - INFO - Page has finished loading.
2024-12-14 23:01:42,171 - INFO - Overlay disappeared.
2024-12-14 23:01:42,974 - INFO - Entered URL: https://bestbusinesses.space/sitemap.xml
2024-12-14 23:03:44,143 - ERROR - An error occurred while processing the URL https://bestbusinesses.space/sitemap.xml: HTTPConnectionPool(host='localhost', port=41071): Read timed out. (read timeout=120)
2024-12-14 23:05:44,247 - ERROR - An error occurred: HTTPConnectionPool(host='localhost', port=41071): Read timed out. (read timeout=120)
2024-12-14 23:05:44,247 - INFO - Closing the browser.
2024-12-14 23:07:44,351 - WARNING - Retrying (Retry(total=2, connect=None, read=None, redirect=None, status=None)) after connection broken by 'ReadTimeoutError("HTTPConnectionPool(host='localhost', port=41071): Read timed out. (read timeout=120)")': /session/7b6505d655d55f97b433039813955b1d
2024-12-14 23:13:05,592 - INFO - 

Processing started at: 2024-12-14 23:13:05
2024-12-14 23:13:05,592 - INFO - Processing URL: https://bestbusinesses.space/sitemap.xml
2024-12-14 23:13:07,752 - INFO - Navigated to the website.
2024-12-14 23:13:07,752 - INFO - Waiting for the page to finish loading...
2024-12-14 23:13:07,781 - INFO - Page has finished loading.
2024-12-14 23:13:07,824 - INFO - Overlay disappeared.
2024-12-14 23:13:08,751 - INFO - Entered URL: https://bestbusinesses.space/sitemap.xml
2024-12-14 23:14:01,815 - INFO - Closing the browser.
2024-12-14 23:14:01,823 - WARNING - Retrying (Retry(total=2, connect=None, read=None, redirect=None, status=None)) after connection broken by 'ProtocolError('Connection aborted.', ConnectionResetError(104, 'Connection reset by peer'))': /session/a18859035ceab4ce9ac9787f3896cf74
2024-12-14 23:14:01,824 - WARNING - Retrying (Retry(total=1, connect=None, read=None, redirect=None, status=None)) after connection broken by 'NewConnectionError('<urllib3.connection.HTTPConnection object at 0x7fc9551b6680>: Failed to establish a new connection: [Errno 111] Connection refused')': /session/a18859035ceab4ce9ac9787f3896cf74
2024-12-14 23:14:01,824 - WARNING - Retrying (Retry(total=0, connect=None, read=None, redirect=None, status=None)) after connection broken by 'NewConnectionError('<urllib3.connection.HTTPConnection object at 0x7fc9551b6950>: Failed to establish a new connection: [Errno 111] Connection refused')': /session/a18859035ceab4ce9ac9787f3896cf74
2024-12-14 23:18:16,407 - INFO - 

Processing started at: 2024-12-14 23:18:16
2024-12-14 23:18:16,407 - INFO - Processing URL: https://bestbusinesses.space/sitemap.xml
2024-12-14 23:18:18,817 - INFO - Navigated to the website.
2024-12-14 23:18:18,817 - INFO - Waiting for the page to finish loading...
2024-12-14 23:18:18,832 - INFO - Page has finished loading.
2024-12-14 23:18:18,869 - INFO - Overlay disappeared.
2024-12-14 23:18:19,769 - INFO - Entered URL: https://bestbusinesses.space/sitemap.xml
2024-12-14 23:20:20,907 - ERROR - An error occurred while processing the URL https://bestbusinesses.space/sitemap.xml: HTTPConnectionPool(host='localhost', port=59507): Read timed out. (read timeout=120)
2024-12-14 23:21:32,697 - INFO - Page refreshed after submission.
2024-12-14 23:21:37,703 - INFO - Waiting before processing the next URL...

2024-12-14 23:21:37,704 - INFO - 

Processing started at: 2024-12-14 23:21:37
2024-12-14 23:21:37,704 - INFO - Processing URL: https://bestbusinesses.space/random-sitemap.xml
2024-12-14 23:21:38,595 - INFO - Navigated to the website.
2024-12-14 23:21:38,595 - INFO - Waiting for the page to finish loading...
2024-12-14 23:21:38,889 - INFO - Page has finished loading.
2024-12-14 23:21:38,915 - INFO - Overlay disappeared.
2024-12-14 23:21:39,419 - INFO - Entered URL: https://bestbusinesses.space/random-sitemap.xml
2024-12-14 23:21:45,371 - INFO - Clicked the Submit button.
2024-12-14 23:21:45,371 - INFO - Waiting for the page to finish loading...
2024-12-14 23:21:45,605 - INFO - Page has finished loading.
2024-12-14 23:21:51,007 - INFO - Page refreshed after submission.
2024-12-14 23:21:56,009 - INFO - Waiting before processing the next URL...

2024-12-14 23:21:56,010 - INFO - 

Processing started at: 2024-12-14 23:21:56
2024-12-14 23:21:56,010 - INFO - Processing URL: https://bestbusinesses.space/random-sitemap.xml
2024-12-14 23:21:56,913 - INFO - Navigated to the website.
2024-12-14 23:21:56,913 - INFO - Waiting for the page to finish loading...
2024-12-14 23:21:57,187 - INFO - Page has finished loading.
2024-12-14 23:21:57,214 - INFO - Overlay disappeared.
2024-12-14 23:21:57,773 - INFO - Entered URL: https://bestbusinesses.space/random-sitemap.xml
2024-12-14 23:22:04,482 - INFO - Clicked the Submit button.
2024-12-14 23:22:04,483 - INFO - Waiting for the page to finish loading...
2024-12-14 23:22:04,778 - INFO - Page has finished loading.
2024-12-14 23:22:10,328 - INFO - Page refreshed after submission.
2024-12-14 23:22:15,329 - INFO - Waiting before processing the next URL...

2024-12-14 23:22:15,330 - INFO - 

Processing started at: 2024-12-14 23:22:15
2024-12-14 23:22:15,330 - INFO - Processing URL: https://bestbusinesses.space/random-sitemap.xml
2024-12-14 23:22:16,221 - INFO - Navigated to the website.
2024-12-14 23:22:16,221 - INFO - Waiting for the page to finish loading...
2024-12-14 23:22:16,226 - INFO - Page has finished loading.
2024-12-14 23:22:16,511 - INFO - Overlay disappeared.
2024-12-14 23:22:17,033 - INFO - Entered URL: https://bestbusinesses.space/random-sitemap.xml
2024-12-14 23:22:23,538 - INFO - Clicked the Submit button.
2024-12-14 23:22:23,538 - INFO - Waiting for the page to finish loading...
2024-12-14 23:22:23,543 - INFO - Page has finished loading.
2024-12-14 23:22:28,958 - INFO - Page refreshed after submission.
2024-12-14 23:22:33,961 - INFO - Waiting before processing the next URL...

2024-12-14 23:22:33,962 - INFO - 

Processing started at: 2024-12-14 23:22:33
2024-12-14 23:22:33,962 - INFO - Processing URL: https://bestbusinesses.space/random-sitemap.xml
2024-12-14 23:22:34,823 - INFO - Navigated to the website.
2024-12-14 23:22:34,823 - INFO - Waiting for the page to finish loading...
2024-12-14 23:22:34,828 - INFO - Page has finished loading.
2024-12-14 23:22:35,122 - INFO - Overlay disappeared.
2024-12-14 23:22:35,557 - INFO - Entered URL: https://bestbusinesses.space/random-sitemap.xml
2024-12-14 23:22:41,591 - INFO - Clicked the Submit button.
2024-12-14 23:22:41,592 - INFO - Waiting for the page to finish loading...
2024-12-14 23:22:41,605 - INFO - Page has finished loading.
2024-12-14 23:22:46,560 - INFO - Page refreshed after submission.
2024-12-14 23:22:51,561 - INFO - Waiting before processing the next URL...

2024-12-14 23:22:51,562 - INFO - 

Processing started at: 2024-12-14 23:22:51
2024-12-14 23:22:51,562 - INFO - Processing URL: https://bestbusinesses.space/random-sitemap.xml
2024-12-14 23:22:52,555 - INFO - Navigated to the website.
2024-12-14 23:22:52,555 - INFO - Waiting for the page to finish loading...
2024-12-14 23:22:52,859 - INFO - Page has finished loading.
2024-12-14 23:22:52,883 - INFO - Overlay disappeared.
2024-12-14 23:22:53,535 - INFO - Entered URL: https://bestbusinesses.space/random-sitemap.xml
2024-12-14 23:22:59,585 - INFO - Clicked the Submit button.
2024-12-14 23:22:59,585 - INFO - Waiting for the page to finish loading...
2024-12-14 23:22:59,858 - INFO - Page has finished loading.
2024-12-14 23:23:05,193 - INFO - Page refreshed after submission.
2024-12-14 23:23:10,197 - INFO - Waiting before processing the next URL...

2024-12-14 23:23:10,198 - INFO - 

Processing started at: 2024-12-14 23:23:10
2024-12-14 23:23:10,199 - INFO - Processing URL: https://sitemap.bestbusinesses.space/sitemap.xml
2024-12-14 23:23:11,174 - INFO - Navigated to the website.
2024-12-14 23:23:11,174 - INFO - Waiting for the page to finish loading...
2024-12-14 23:23:11,481 - INFO - Page has finished loading.
2024-12-14 23:23:11,498 - INFO - Overlay disappeared.
2024-12-14 23:23:12,013 - INFO - Entered URL: https://sitemap.bestbusinesses.space/sitemap.xml
2024-12-14 23:25:13,158 - ERROR - An error occurred while processing the URL https://sitemap.bestbusinesses.space/sitemap.xml: HTTPConnectionPool(host='localhost', port=59507): Read timed out. (read timeout=120)
2024-12-14 23:27:13,259 - ERROR - An error occurred: HTTPConnectionPool(host='localhost', port=59507): Read timed out. (read timeout=120)
2024-12-14 23:27:13,259 - INFO - Closing the browser.
2024-12-14 23:29:13,363 - WARNING - Retrying (Retry(total=2, connect=None, read=None, redirect=None, status=None)) after connection broken by 'ReadTimeoutError("HTTPConnectionPool(host='localhost', port=59507): Read timed out. (read timeout=120)")': /session/8679c77bfd2a8d2600780a76889d73d2
2024-12-14 23:34:28,929 - INFO - 

Processing started at: 2024-12-14 23:34:28
2024-12-14 23:34:28,929 - INFO - Processing URL: https://bestbusinesses.space/sitemap.xml
2024-12-14 23:34:31,516 - INFO - Navigated to the website.
2024-12-14 23:34:31,516 - INFO - Waiting for the page to finish loading...
2024-12-14 23:34:31,534 - INFO - Page has finished loading.
2024-12-14 23:34:31,567 - INFO - Input field is visible and ready for interaction.
2024-12-14 23:34:31,595 - INFO - Overlay disappeared.
2024-12-14 23:34:32,530 - INFO - Entered URL: https://bestbusinesses.space/sitemap.xml
2024-12-14 23:34:37,525 - INFO - Clicked the Submit button.
2024-12-14 23:34:37,525 - INFO - Waiting for the page to finish loading...
2024-12-14 23:34:37,770 - INFO - Page has finished loading.
2024-12-14 23:34:37,810 - INFO - Input field is visible and ready for interaction.
2024-12-14 23:34:41,806 - INFO - Page refreshed after submission.
2024-12-14 23:34:46,811 - INFO - Waiting before processing the next URL...

2024-12-14 23:34:46,812 - INFO - 

Processing started at: 2024-12-14 23:34:46
2024-12-14 23:34:46,812 - INFO - Processing URL: https://bestbusinesses.space/random-sitemap.xml
2024-12-14 23:34:47,825 - INFO - Navigated to the website.
2024-12-14 23:34:47,825 - INFO - Waiting for the page to finish loading...
2024-12-14 23:34:47,837 - INFO - Page has finished loading.
2024-12-14 23:34:48,134 - INFO - Input field is visible and ready for interaction.
2024-12-14 23:34:48,151 - INFO - Overlay disappeared.
2024-12-14 23:34:48,618 - INFO - Entered URL: https://bestbusinesses.space/random-sitemap.xml
2024-12-14 23:34:54,662 - INFO - Clicked the Submit button.
2024-12-14 23:34:54,662 - INFO - Waiting for the page to finish loading...
2024-12-14 23:34:54,678 - INFO - Page has finished loading.
2024-12-14 23:34:54,982 - INFO - Input field is visible and ready for interaction.
2024-12-14 23:35:00,772 - INFO - Page refreshed after submission.
2024-12-14 23:35:05,777 - INFO - Waiting before processing the next URL...

2024-12-14 23:35:05,778 - INFO - 

Processing started at: 2024-12-14 23:35:05
2024-12-14 23:35:05,778 - INFO - Processing URL: https://bestbusinesses.space/random-sitemap.xml
2024-12-14 23:35:06,972 - INFO - Navigated to the website.
2024-12-14 23:35:06,972 - INFO - Waiting for the page to finish loading...
2024-12-14 23:35:07,242 - INFO - Page has finished loading.
2024-12-14 23:35:07,302 - INFO - Input field is visible and ready for interaction.
2024-12-14 23:35:07,317 - INFO - Overlay disappeared.
2024-12-14 23:35:07,944 - INFO - Entered URL: https://bestbusinesses.space/random-sitemap.xml
2024-12-14 23:35:14,346 - INFO - Clicked the Submit button.
2024-12-14 23:35:14,346 - INFO - Waiting for the page to finish loading...
2024-12-14 23:35:14,594 - INFO - Page has finished loading.
2024-12-14 23:35:14,630 - INFO - Input field is visible and ready for interaction.
2024-12-14 23:35:20,015 - INFO - Page refreshed after submission.
2024-12-14 23:35:25,021 - INFO - Waiting before processing the next URL...

2024-12-14 23:35:25,022 - INFO - 

Processing started at: 2024-12-14 23:35:25
2024-12-14 23:35:25,022 - INFO - Processing URL: https://bestbusinesses.space/random-sitemap.xml
2024-12-14 23:35:25,931 - INFO - Navigated to the website.
2024-12-14 23:35:25,931 - INFO - Waiting for the page to finish loading...
2024-12-14 23:35:26,147 - INFO - Page has finished loading.
2024-12-14 23:35:26,198 - INFO - Input field is visible and ready for interaction.
2024-12-14 23:35:26,215 - INFO - Overlay disappeared.
2024-12-14 23:35:26,868 - INFO - Entered URL: https://bestbusinesses.space/random-sitemap.xml
2024-12-14 23:35:33,322 - INFO - Clicked the Submit button.
2024-12-14 23:35:33,322 - INFO - Waiting for the page to finish loading...
2024-12-14 23:35:33,604 - INFO - Page has finished loading.
2024-12-14 23:35:33,642 - INFO - Input field is visible and ready for interaction.
2024-12-14 23:35:38,930 - INFO - Page refreshed after submission.
2024-12-14 23:35:43,936 - INFO - Waiting before processing the next URL...

2024-12-14 23:35:43,937 - INFO - 

Processing started at: 2024-12-14 23:35:43
2024-12-14 23:35:43,937 - INFO - Processing URL: https://bestbusinesses.space/random-sitemap.xml
2024-12-14 23:35:44,925 - INFO - Navigated to the website.
2024-12-14 23:35:44,926 - INFO - Waiting for the page to finish loading...
2024-12-14 23:35:45,193 - INFO - Page has finished loading.
2024-12-14 23:35:45,232 - INFO - Input field is visible and ready for interaction.
2024-12-14 23:35:45,251 - INFO - Overlay disappeared.
2024-12-14 23:35:45,801 - INFO - Entered URL: https://bestbusinesses.space/random-sitemap.xml
2024-12-14 23:35:52,343 - INFO - Clicked the Submit button.
2024-12-14 23:35:52,343 - INFO - Waiting for the page to finish loading...
2024-12-14 23:35:52,354 - INFO - Page has finished loading.
2024-12-14 23:35:52,375 - INFO - Input field is visible and ready for interaction.
2024-12-14 23:35:57,362 - INFO - Page refreshed after submission.
2024-12-14 23:36:02,365 - INFO - Waiting before processing the next URL...

2024-12-14 23:36:02,367 - INFO - 

Processing started at: 2024-12-14 23:36:02
2024-12-14 23:36:02,367 - INFO - Processing URL: https://bestbusinesses.space/random-sitemap.xml
2024-12-14 23:36:03,335 - INFO - Navigated to the website.
2024-12-14 23:36:03,335 - INFO - Waiting for the page to finish loading...
2024-12-14 23:36:03,636 - INFO - Page has finished loading.
2024-12-14 23:36:03,666 - INFO - Input field is visible and ready for interaction.
2024-12-14 23:36:03,686 - INFO - Overlay disappeared.
2024-12-14 23:36:04,520 - INFO - Entered URL: https://bestbusinesses.space/random-sitemap.xml
2024-12-14 23:36:10,785 - INFO - Clicked the Submit button.
2024-12-14 23:36:10,785 - INFO - Waiting for the page to finish loading...
2024-12-14 23:36:11,038 - INFO - Page has finished loading.
2024-12-14 23:36:11,070 - INFO - Input field is visible and ready for interaction.
2024-12-14 23:36:16,446 - INFO - Page refreshed after submission.
2024-12-14 23:36:21,451 - INFO - Waiting before processing the next URL...

2024-12-14 23:36:21,452 - INFO - 

Processing started at: 2024-12-14 23:36:21
2024-12-14 23:36:21,452 - INFO - Processing URL: https://sitemap.bestbusinesses.space/sitemap.xml
2024-12-14 23:36:22,358 - INFO - Navigated to the website.
2024-12-14 23:36:22,358 - INFO - Waiting for the page to finish loading...
2024-12-14 23:36:22,371 - INFO - Page has finished loading.
2024-12-14 23:36:22,643 - INFO - Input field is visible and ready for interaction.
2024-12-14 23:36:22,660 - INFO - Overlay disappeared.
2024-12-14 23:36:23,101 - INFO - Entered URL: https://sitemap.bestbusinesses.space/sitemap.xml
2024-12-14 23:38:24,227 - ERROR - An error occurred: HTTPConnectionPool(host='localhost', port=33345): Read timed out. (read timeout=120)
2024-12-14 23:38:24,227 - INFO - Closing the browser.
2024-12-14 23:40:07,051 - WARNING - Retrying (Retry(total=2, connect=None, read=None, redirect=None, status=None)) after connection broken by 'NewConnectionError('<urllib3.connection.HTTPConnection object at 0x7f6aaf86b2e0>: Failed to establish a new connection: [Errno 111] Connection refused')': /session/143a3432ed70cb3ce79bdea2c28f2313
2024-12-14 23:40:07,052 - WARNING - Retrying (Retry(total=1, connect=None, read=None, redirect=None, status=None)) after connection broken by 'NewConnectionError('<urllib3.connection.HTTPConnection object at 0x7f6aaf86b3a0>: Failed to establish a new connection: [Errno 111] Connection refused')': /session/143a3432ed70cb3ce79bdea2c28f2313
2024-12-14 23:40:07,052 - WARNING - Retrying (Retry(total=0, connect=None, read=None, redirect=None, status=None)) after connection broken by 'NewConnectionError('<urllib3.connection.HTTPConnection object at 0x7f6aaf86b520>: Failed to establish a new connection: [Errno 111] Connection refused')': /session/143a3432ed70cb3ce79bdea2c28f2313
2024-12-14 23:47:05,898 - INFO - 

Processing started at: 2024-12-14 23:47:05
2024-12-14 23:47:05,899 - INFO - Processing URL: https://bestbusinesses.space/sitemap.xml
2024-12-14 23:47:08,330 - INFO - Navigated to the website.
2024-12-14 23:47:08,330 - INFO - Waiting for the page to finish loading...
2024-12-14 23:47:08,339 - INFO - Page has finished loading.
2024-12-14 23:47:08,392 - INFO - Input field is visible and ready for interaction.
2024-12-14 23:47:08,416 - INFO - Overlay disappeared.
2024-12-14 23:47:09,353 - INFO - Entered URL: https://bestbusinesses.space/sitemap.xml
2024-12-14 23:47:14,446 - INFO - Clicked the Submit button.
2024-12-14 23:47:14,447 - INFO - Waiting for the page to finish loading...
2024-12-14 23:47:14,454 - INFO - Page has finished loading.
2024-12-14 23:47:14,750 - INFO - Input field is visible and ready for interaction.
2024-12-14 23:47:18,670 - INFO - Page refreshed after submission.
2024-12-14 23:47:23,675 - INFO - Waiting before processing the next URL...

2024-12-14 23:47:23,676 - INFO - 

Processing started at: 2024-12-14 23:47:23
2024-12-14 23:47:23,676 - INFO - Processing URL: https://bestbusinesses.space/random-sitemap.xml
2024-12-14 23:47:24,528 - INFO - Navigated to the website.
2024-12-14 23:47:24,528 - INFO - Waiting for the page to finish loading...
2024-12-14 23:47:24,786 - INFO - Page has finished loading.
2024-12-14 23:47:24,809 - INFO - Input field is visible and ready for interaction.
2024-12-14 23:47:24,829 - INFO - Overlay disappeared.
2024-12-14 23:47:25,482 - INFO - Entered URL: https://bestbusinesses.space/random-sitemap.xml
2024-12-14 23:47:31,400 - INFO - Clicked the Submit button.
2024-12-14 23:47:31,400 - INFO - Waiting for the page to finish loading...
2024-12-14 23:47:31,414 - INFO - Page has finished loading.
2024-12-14 23:47:31,703 - INFO - Input field is visible and ready for interaction.
2024-12-14 23:47:36,685 - INFO - Page refreshed after submission.
2024-12-14 23:47:41,691 - INFO - Waiting before processing the next URL...

2024-12-14 23:47:41,691 - INFO - 

Processing started at: 2024-12-14 23:47:41
2024-12-14 23:47:41,692 - INFO - Processing URL: https://bestbusinesses.space/random-sitemap.xml
2024-12-14 23:47:42,612 - INFO - Navigated to the website.
2024-12-14 23:47:42,612 - INFO - Waiting for the page to finish loading...
2024-12-14 23:47:42,626 - INFO - Page has finished loading.
2024-12-14 23:47:42,926 - INFO - Input field is visible and ready for interaction.
2024-12-14 23:47:42,946 - INFO - Overlay disappeared.
2024-12-14 23:47:43,464 - INFO - Entered URL: https://bestbusinesses.space/random-sitemap.xml
2024-12-14 23:47:49,682 - INFO - Clicked the Submit button.
2024-12-14 23:47:49,682 - INFO - Waiting for the page to finish loading...
2024-12-14 23:47:49,697 - INFO - Page has finished loading.
2024-12-14 23:47:49,982 - INFO - Input field is visible and ready for interaction.
2024-12-14 23:47:55,449 - INFO - Page refreshed after submission.
2024-12-14 23:48:00,455 - INFO - Waiting before processing the next URL...

2024-12-14 23:48:00,456 - INFO - 

Processing started at: 2024-12-14 23:48:00
2024-12-14 23:48:00,456 - INFO - Processing URL: https://bestbusinesses.space/random-sitemap.xml
2024-12-14 23:48:01,365 - INFO - Navigated to the website.
2024-12-14 23:48:01,365 - INFO - Waiting for the page to finish loading...
2024-12-14 23:48:01,661 - INFO - Page has finished loading.
2024-12-14 23:48:01,707 - INFO - Input field is visible and ready for interaction.
2024-12-14 23:48:01,732 - INFO - Overlay disappeared.
2024-12-14 23:48:02,439 - INFO - Entered URL: https://bestbusinesses.space/random-sitemap.xml
2024-12-14 23:48:08,835 - INFO - Clicked the Submit button.
2024-12-14 23:48:08,836 - INFO - Waiting for the page to finish loading...
2024-12-14 23:48:08,844 - INFO - Page has finished loading.
2024-12-14 23:48:09,126 - INFO - Input field is visible and ready for interaction.
2024-12-14 23:48:14,053 - INFO - Page refreshed after submission.
2024-12-14 23:48:19,056 - INFO - Waiting before processing the next URL...

2024-12-14 23:48:19,057 - INFO - 

Processing started at: 2024-12-14 23:48:19
2024-12-14 23:48:19,057 - INFO - Processing URL: https://bestbusinesses.space/random-sitemap.xml
2024-12-14 23:48:19,993 - INFO - Navigated to the website.
2024-12-14 23:48:19,993 - INFO - Waiting for the page to finish loading...
2024-12-14 23:48:19,998 - INFO - Page has finished loading.
2024-12-14 23:48:20,264 - INFO - Input field is visible and ready for interaction.
2024-12-14 23:48:20,288 - INFO - Overlay disappeared.
2024-12-14 23:48:20,726 - INFO - Entered URL: https://bestbusinesses.space/random-sitemap.xml
2024-12-14 23:48:26,900 - INFO - Clicked the Submit button.
2024-12-14 23:48:26,900 - INFO - Waiting for the page to finish loading...
2024-12-14 23:48:27,237 - INFO - Page has finished loading.
2024-12-14 23:48:27,272 - INFO - Input field is visible and ready for interaction.
2024-12-14 23:48:32,650 - INFO - Page refreshed after submission.
2024-12-14 23:48:37,656 - INFO - Waiting before processing the next URL...

2024-12-14 23:48:37,656 - INFO - 

Processing started at: 2024-12-14 23:48:37
2024-12-14 23:48:37,657 - INFO - Processing URL: https://bestbusinesses.space/random-sitemap.xml
2024-12-14 23:48:38,624 - INFO - Navigated to the website.
2024-12-14 23:48:38,624 - INFO - Waiting for the page to finish loading...
2024-12-14 23:48:38,916 - INFO - Page has finished loading.
2024-12-14 23:48:38,948 - INFO - Input field is visible and ready for interaction.
2024-12-14 23:48:38,963 - INFO - Overlay disappeared.
2024-12-14 23:48:39,512 - INFO - Entered URL: https://bestbusinesses.space/random-sitemap.xml
2024-12-14 23:48:45,977 - INFO - Clicked the Submit button.
2024-12-14 23:48:45,977 - INFO - Waiting for the page to finish loading...
2024-12-14 23:48:45,983 - INFO - Page has finished loading.
2024-12-14 23:48:46,305 - INFO - Input field is visible and ready for interaction.
2024-12-14 23:48:51,255 - INFO - Page refreshed after submission.
2024-12-14 23:48:56,259 - INFO - Waiting before processing the next URL...

2024-12-14 23:48:56,260 - INFO - 

Processing started at: 2024-12-14 23:48:56
2024-12-14 23:48:56,260 - INFO - Processing URL: https://sitemap.bestbusinesses.space/sitemap.xml
2024-12-14 23:48:57,141 - INFO - Navigated to the website.
2024-12-14 23:48:57,141 - INFO - Waiting for the page to finish loading...
2024-12-14 23:48:57,146 - INFO - Page has finished loading.
2024-12-14 23:48:57,408 - INFO - Input field is visible and ready for interaction.
2024-12-14 23:48:57,425 - INFO - Overlay disappeared.
2024-12-14 23:48:57,882 - INFO - Entered URL: https://sitemap.bestbusinesses.space/sitemap.xml
2024-12-14 23:50:59,006 - ERROR - An error occurred: HTTPConnectionPool(host='localhost', port=47761): Read timed out. (read timeout=120)
2024-12-14 23:50:59,007 - INFO - Closing the browser.
